<?xml version="1.0" encoding="UTF-8"?>
<testng-results ignored="0" total="1" passed="1" failed="0" skipped="0">
  <reporter-output>
  </reporter-output>
  <suite started-at="2024-09-06T13:14:48 IST" name="Default suite" finished-at="2024-09-06T13:15:15 IST" duration-ms="27280">
    <groups>
    </groups>
    <test started-at="2024-09-06T13:14:48 IST" name="Default test" finished-at="2024-09-06T13:15:15 IST" duration-ms="27280">
      <class name="dealsdray.com.AutomationTest02">
        <test-method is-config="true" signature="precondition()[pri:0, instance:dealsdray.com.AutomationTest02@3cd3e762]" started-at="2024-09-06T13:14:48 IST" name="precondition" finished-at="2024-09-06T13:14:50 IST" duration-ms="2227" status="PASS">
          <reporter-output>
          </reporter-output>
        </test-method> <!-- precondition -->
        <test-method signature="test()[pri:2, instance:dealsdray.com.AutomationTest02@3cd3e762]" started-at="2024-09-06T13:14:50 IST" name="test" finished-at="2024-09-06T13:15:15 IST" duration-ms="24710" status="PASS">
          <reporter-output>
          </reporter-output>
        </test-method> <!-- test -->
        <test-method is-config="true" signature="postcondition()[pri:0, instance:dealsdray.com.AutomationTest02@3cd3e762]" started-at="2024-09-06T13:15:15 IST" name="postcondition" finished-at="2024-09-06T13:15:15 IST" duration-ms="296" status="PASS">
          <reporter-output>
          </reporter-output>
        </test-method> <!-- postcondition -->
      </class> <!-- dealsdray.com.AutomationTest02 -->
    </test> <!-- Default test -->
  </suite> <!-- Default suite -->
</testng-results>
